<?xml version="1.0" encoding="UTF-8"?>
<testng-results ignored="0" total="2" passed="2" failed="0" skipped="0">
  <reporter-output>
  </reporter-output>
  <suite started-at="2025-03-24T13:15:34 AEDT" name="Surefire suite" finished-at="2025-03-24T13:15:55 AEDT" duration-ms="20103">
    <groups>
    </groups>
    <test started-at="2025-03-24T13:15:34 AEDT" name="Surefire test" finished-at="2025-03-24T13:15:55 AEDT" duration-ms="20103">
      <class name="TestCases.TestLoginPage">
        <test-method is-config="true" signature="setUp()[pri:0, instance:TestCases.TestLoginPage@2525ff7e]" started-at="2025-03-24T13:15:34 AEDT" name="setUp" finished-at="2025-03-24T13:15:42 AEDT" duration-ms="7252" status="PASS">
          <reporter-output>
          </reporter-output>
        </test-method> <!-- setUp -->
        <test-method signature="testInvalidLogin()[pri:0, instance:TestCases.TestLoginPage@2525ff7e]" started-at="2025-03-24T13:15:42 AEDT" name="testInvalidLogin" finished-at="2025-03-24T13:15:45 AEDT" duration-ms="2778" status="PASS">
          <reporter-output>
          </reporter-output>
        </test-method> <!-- testInvalidLogin -->
        <test-method is-config="true" signature="tearDown()[pri:0, instance:TestCases.TestLoginPage@2525ff7e]" started-at="2025-03-24T13:15:45 AEDT" name="tearDown" finished-at="2025-03-24T13:15:45 AEDT" duration-ms="147" status="PASS">
          <reporter-output>
          </reporter-output>
        </test-method> <!-- tearDown -->
        <test-method is-config="true" signature="setUp()[pri:0, instance:TestCases.TestLoginPage@2525ff7e]" started-at="2025-03-24T13:15:45 AEDT" name="setUp" finished-at="2025-03-24T13:15:52 AEDT" duration-ms="7780" status="PASS">
          <reporter-output>
          </reporter-output>
        </test-method> <!-- setUp -->
        <test-method signature="testValidLogin()[pri:0, instance:TestCases.TestLoginPage@2525ff7e]" started-at="2025-03-24T13:15:52 AEDT" name="testValidLogin" finished-at="2025-03-24T13:15:54 AEDT" duration-ms="1985" status="PASS">
          <reporter-output>
          </reporter-output>
        </test-method> <!-- testValidLogin -->
        <test-method is-config="true" signature="tearDown()[pri:0, instance:TestCases.TestLoginPage@2525ff7e]" started-at="2025-03-24T13:15:54 AEDT" name="tearDown" finished-at="2025-03-24T13:15:55 AEDT" duration-ms="133" status="PASS">
          <reporter-output>
          </reporter-output>
        </test-method> <!-- tearDown -->
      </class> <!-- TestCases.TestLoginPage -->
    </test> <!-- Surefire test -->
  </suite> <!-- Surefire suite -->
</testng-results>
