<?xml version="1.0" encoding="UTF-8"?>
<testng-results ignored="0" total="2" passed="2" failed="0" skipped="0">
  <reporter-output>
  </reporter-output>
  <suite started-at="2025-03-24T14:10:02 AEDT" name="Surefire suite" finished-at="2025-03-24T14:10:19 AEDT" duration-ms="16569">
    <groups>
    </groups>
    <test started-at="2025-03-24T14:10:02 AEDT" name="Surefire test" finished-at="2025-03-24T14:10:19 AEDT" duration-ms="16569">
      <class name="TestCases.TestLoginPage">
        <test-method is-config="true" signature="setUp()[pri:0, instance:TestCases.TestLoginPage@2525ff7e]" started-at="2025-03-24T14:10:02 AEDT" name="setUp" finished-at="2025-03-24T14:10:09 AEDT" duration-ms="7261" status="PASS">
          <reporter-output>
          </reporter-output>
        </test-method> <!-- setUp -->
        <test-method signature="testInvalidLogin()[pri:0, instance:TestCases.TestLoginPage@2525ff7e]" started-at="2025-03-24T14:10:09 AEDT" name="testInvalidLogin" finished-at="2025-03-24T14:10:12 AEDT" duration-ms="2476" status="PASS">
          <reporter-output>
          </reporter-output>
        </test-method> <!-- testInvalidLogin -->
        <test-method is-config="true" signature="tearDown()[pri:0, instance:TestCases.TestLoginPage@2525ff7e]" started-at="2025-03-24T14:10:12 AEDT" name="tearDown" finished-at="2025-03-24T14:10:12 AEDT" duration-ms="157" status="PASS">
          <reporter-output>
          </reporter-output>
        </test-method> <!-- tearDown -->
        <test-method is-config="true" signature="setUp()[pri:0, instance:TestCases.TestLoginPage@2525ff7e]" started-at="2025-03-24T14:10:12 AEDT" name="setUp" finished-at="2025-03-24T14:10:18 AEDT" duration-ms="5842" status="PASS">
          <reporter-output>
          </reporter-output>
        </test-method> <!-- setUp -->
        <test-method signature="testValidLogin()[pri:0, instance:TestCases.TestLoginPage@2525ff7e]" started-at="2025-03-24T14:10:18 AEDT" name="testValidLogin" finished-at="2025-03-24T14:10:18 AEDT" duration-ms="695" status="PASS">
          <reporter-output>
          </reporter-output>
        </test-method> <!-- testValidLogin -->
        <test-method is-config="true" signature="tearDown()[pri:0, instance:TestCases.TestLoginPage@2525ff7e]" started-at="2025-03-24T14:10:18 AEDT" name="tearDown" finished-at="2025-03-24T14:10:19 AEDT" duration-ms="110" status="PASS">
          <reporter-output>
          </reporter-output>
        </test-method> <!-- tearDown -->
      </class> <!-- TestCases.TestLoginPage -->
    </test> <!-- Surefire test -->
  </suite> <!-- Surefire suite -->
</testng-results>
